C:\Program Files (x86)\Microsoft Visual Studio\2017\Community\Common7\IDE\VC\VCTargets\Microsoft.CppBuild.targets(391,5): warning MSB8028: 中间目录(x64\Release\)包含从另一个项目(RatTracer.vcxproj)共享的文件。   这会导致错误的清除和重新生成行为。
  main.cpp
c1xx : warning C4199: C++/CLI、C++/CX 或 OpenMP 不支持两阶段名称查找；请使用 /Zc:twoPhase-
i:\programpros\raytracer\algorithms.h(50): warning C4244: “初始化”: 从“double”转换到“int”，可能丢失数据
i:\programpros\raytracer\algorithms.h(51): warning C4244: “初始化”: 从“double”转换到“int”，可能丢失数据
i:\programpros\raytracer\algorithms.h(52): warning C4244: “初始化”: 从“double”转换到“int”，可能丢失数据
i:\programpros\raytracer\algorithms.h(117): warning C4244: “=”: 从“double”转换到“int”，可能丢失数据
i:\programpros\raytracer\material.h(7): warning C4099: “Material”: 类型名称以前使用“struct”现在使用的是“class”
  i:\programpros\raytracer\material.h(7): note: 参见“Material”的声明
i:\programpros\raytracer\scene.h(73): warning C4018: “>=”: 有符号/无符号不匹配
  scene.cpp
c1xx : warning C4199: C++/CLI、C++/CX 或 OpenMP 不支持两阶段名称查找；请使用 /Zc:twoPhase-
i:\programpros\raytracer\algorithms.h(50): warning C4244: “初始化”: 从“double”转换到“int”，可能丢失数据
i:\programpros\raytracer\algorithms.h(51): warning C4244: “初始化”: 从“double”转换到“int”，可能丢失数据
i:\programpros\raytracer\algorithms.h(52): warning C4244: “初始化”: 从“double”转换到“int”，可能丢失数据
i:\programpros\raytracer\algorithms.h(117): warning C4244: “=”: 从“double”转换到“int”，可能丢失数据
i:\programpros\raytracer\material.h(7): warning C4099: “Material”: 类型名称以前使用“struct”现在使用的是“class”
  i:\programpros\raytracer\material.h(7): note: 参见“Material”的声明
i:\programpros\raytracer\scene.h(73): warning C4018: “>=”: 有符号/无符号不匹配
i:\programpros\raytracer\scene.cpp(98): warning C4244: “参数”: 从“_Ty2”转换到“float”，可能丢失数据
          with
          [
              _Ty2=double
          ]
i:\programpros\raytracer\scene.cpp(98): warning C4244: “参数”: 从“_Ty1”转换到“float”，可能丢失数据
          with
          [
              _Ty1=double
          ]
i:\programpros\raytracer\scene.cpp(118): warning C4244: “参数”: 从“_Ty2”转换到“float”，可能丢失数据
          with
          [
              _Ty2=double
          ]
i:\programpros\raytracer\scene.cpp(118): warning C4244: “参数”: 从“_Ty1”转换到“float”，可能丢失数据
          with
          [
              _Ty1=double
          ]
  正在生成代码
  3 of 2180 functions ( 0.1%) were compiled, the rest were copied from previous compilation.
    0 functions were new in current compilation
    1 functions had inline decision re-evaluated but remain unchanged
  已完成代码的生成
  RatTracer.vcxproj -> I:\programpros\RayTracer\x64\Release\RayTracer.exe
