i:\programpros\raytracer\x64\release\vc141.pdb
i:\programpros\raytracer\x64\release\types.obj
i:\programpros\raytracer\x64\release\surface.obj
i:\programpros\raytracer\x64\release\scene.obj
i:\programpros\raytracer\x64\release\rtobject.obj
i:\programpros\raytracer\x64\release\main.obj
i:\programpros\raytracer\x64\release\light.obj
i:\programpros\raytracer\x64\release\camera.obj
i:\programpros\raytracer\x64\release\bmpgenerator.obj
i:\programpros\raytracer\x64\release\algorithms.obj
i:\programpros\raytracer\x64\release\avisaver.obj
i:\programpros\raytracer\x64\release\octree.obj
i:\programpros\raytracer\x64\release\material.obj
i:\programpros\raytracer\x64\release\raytracer.exe
i:\programpros\raytracer\x64\release\raytracer.pdb
i:\programpros\raytracer\x64\release\raytracer.ipdb
i:\programpros\raytracer\x64\release\raytracer.iobj
i:\programpros\raytracer\x64\release\raytracer.tlog\cl.command.1.tlog
i:\programpros\raytracer\x64\release\raytracer.tlog\cl.read.1.tlog
i:\programpros\raytracer\x64\release\raytracer.tlog\cl.write.1.tlog
i:\programpros\raytracer\x64\release\raytracer.tlog\link.command.1.tlog
i:\programpros\raytracer\x64\release\raytracer.tlog\link.read.1.tlog
i:\programpros\raytracer\x64\release\raytracer.tlog\link.write.1.tlog
i:\programpros\raytracer\x64\release\raytracer.tlog\raytracer.write.1u.tlog
