C:\Program Files (x86)\Microsoft Visual Studio\2017\Community\Common7\IDE\VC\VCTargets\Microsoft.CppBuild.targets(391,5): warning MSB8028: 中间目录(x64\Debug\)包含从另一个项目(RatTracer.vcxproj)共享的文件。   这会导致错误的清除和重新生成行为。
  Surface.cpp
i:\programpros\raytracer\algorithms.h(50): warning C4244: “初始化”: 从“double”转换到“int”，可能丢失数据
i:\programpros\raytracer\algorithms.h(51): warning C4244: “初始化”: 从“double”转换到“int”，可能丢失数据
i:\programpros\raytracer\algorithms.h(52): warning C4244: “初始化”: 从“double”转换到“int”，可能丢失数据
i:\programpros\raytracer\algorithms.h(117): warning C4244: “=”: 从“double”转换到“int”，可能丢失数据
i:\programpros\raytracer\material.h(7): warning C4099: “Material”: 类型名称以前使用“struct”现在使用的是“class”
  i:\programpros\raytracer\material.h(7): note: 参见“Material”的声明
i:\programpros\raytracer\surface.cpp(140): warning C4101: “tempt”: 未引用的局部变量
  algorithms.cpp
i:\programpros\raytracer\algorithms.h(50): warning C4244: “初始化”: 从“double”转换到“int”，可能丢失数据
i:\programpros\raytracer\algorithms.h(51): warning C4244: “初始化”: 从“double”转换到“int”，可能丢失数据
i:\programpros\raytracer\algorithms.h(52): warning C4244: “初始化”: 从“double”转换到“int”，可能丢失数据
i:\programpros\raytracer\algorithms.h(117): warning C4244: “=”: 从“double”转换到“int”，可能丢失数据
i:\programpros\raytracer\algorithms.h(33): warning C4267: “初始化”: 从“size_t”转换到“int”，可能丢失数据
  i:\programpros\raytracer\algorithms.cpp(17): note: 参见对正在编译的函数 模板 实例化“void algorithm::suffle<int>(std::vector<int,std::allocator<_Ty>> &)”的引用
          with
          [
              _Ty=int
          ]
  camera.cpp
i:\programpros\raytracer\algorithms.h(50): warning C4244: “初始化”: 从“double”转换到“int”，可能丢失数据
i:\programpros\raytracer\algorithms.h(51): warning C4244: “初始化”: 从“double”转换到“int”，可能丢失数据
i:\programpros\raytracer\algorithms.h(52): warning C4244: “初始化”: 从“double”转换到“int”，可能丢失数据
i:\programpros\raytracer\algorithms.h(117): warning C4244: “=”: 从“double”转换到“int”，可能丢失数据
  main.cpp
i:\programpros\raytracer\algorithms.h(50): warning C4244: “初始化”: 从“double”转换到“int”，可能丢失数据
i:\programpros\raytracer\algorithms.h(51): warning C4244: “初始化”: 从“double”转换到“int”，可能丢失数据
i:\programpros\raytracer\algorithms.h(52): warning C4244: “初始化”: 从“double”转换到“int”，可能丢失数据
i:\programpros\raytracer\algorithms.h(117): warning C4244: “=”: 从“double”转换到“int”，可能丢失数据
i:\programpros\raytracer\material.h(7): warning C4099: “Material”: 类型名称以前使用“struct”现在使用的是“class”
  i:\programpros\raytracer\material.h(7): note: 参见“Material”的声明
i:\programpros\raytracer\scene.h(73): warning C4018: “>=”: 有符号/无符号不匹配
  material.cpp
i:\programpros\raytracer\algorithms.h(50): warning C4244: “初始化”: 从“double”转换到“int”，可能丢失数据
i:\programpros\raytracer\algorithms.h(51): warning C4244: “初始化”: 从“double”转换到“int”，可能丢失数据
i:\programpros\raytracer\algorithms.h(52): warning C4244: “初始化”: 从“double”转换到“int”，可能丢失数据
i:\programpros\raytracer\algorithms.h(117): warning C4244: “=”: 从“double”转换到“int”，可能丢失数据
i:\programpros\raytracer\material.h(7): warning C4099: “Material”: 类型名称以前使用“struct”现在使用的是“class”
  i:\programpros\raytracer\material.h(7): note: 参见“Material”的声明
  octree.cpp
i:\programpros\raytracer\algorithms.h(50): warning C4244: “初始化”: 从“double”转换到“int”，可能丢失数据
i:\programpros\raytracer\algorithms.h(51): warning C4244: “初始化”: 从“double”转换到“int”，可能丢失数据
i:\programpros\raytracer\algorithms.h(52): warning C4244: “初始化”: 从“double”转换到“int”，可能丢失数据
i:\programpros\raytracer\algorithms.h(117): warning C4244: “=”: 从“double”转换到“int”，可能丢失数据
i:\programpros\raytracer\material.h(7): warning C4099: “Material”: 类型名称以前使用“struct”现在使用的是“class”
  i:\programpros\raytracer\material.h(7): note: 参见“Material”的声明
i:\programpros\raytracer\octree.cpp(67): warning C4267: “初始化”: 从“size_t”转换到“int”，可能丢失数据
i:\programpros\raytracer\octree.cpp(228): warning C4267: “初始化”: 从“size_t”转换到“int”，可能丢失数据
i:\programpros\raytracer\octree.cpp(233): warning C4101: “cmp”: 未引用的局部变量
  scene.cpp
i:\programpros\raytracer\algorithms.h(50): warning C4244: “初始化”: 从“double”转换到“int”，可能丢失数据
i:\programpros\raytracer\algorithms.h(51): warning C4244: “初始化”: 从“double”转换到“int”，可能丢失数据
i:\programpros\raytracer\algorithms.h(52): warning C4244: “初始化”: 从“double”转换到“int”，可能丢失数据
i:\programpros\raytracer\algorithms.h(117): warning C4244: “=”: 从“double”转换到“int”，可能丢失数据
i:\programpros\raytracer\material.h(7): warning C4099: “Material”: 类型名称以前使用“struct”现在使用的是“class”
  i:\programpros\raytracer\material.h(7): note: 参见“Material”的声明
i:\programpros\raytracer\scene.h(73): warning C4018: “>=”: 有符号/无符号不匹配
i:\programpros\raytracer\scene.cpp(98): warning C4244: “参数”: 从“_Ty2”转换到“float”，可能丢失数据
          with
          [
              _Ty2=double
          ]
i:\programpros\raytracer\scene.cpp(98): warning C4244: “参数”: 从“_Ty1”转换到“float”，可能丢失数据
          with
          [
              _Ty1=double
          ]
i:\programpros\raytracer\scene.cpp(118): warning C4244: “参数”: 从“_Ty2”转换到“float”，可能丢失数据
          with
          [
              _Ty2=double
          ]
i:\programpros\raytracer\scene.cpp(118): warning C4244: “参数”: 从“_Ty1”转换到“float”，可能丢失数据
          with
          [
              _Ty1=double
          ]
  正在生成代码...
i:\programpros\raytracer\scene.cpp(53): warning C4715: “Scene::setPixels”: 不是所有的控件路径都返回值
  LINK : 没有找到 I:\programpros\RayTracer\x64\Debug\RayTracer.exe 或上一个增量链接没有生成它；正在执行完全链接
  RatTracer.vcxproj -> I:\programpros\RayTracer\x64\Debug\RayTracer.exe
